0 info it worked if it ends with ok
1 verbose cli [ '/usr/bin/node', '/usr/bin/npm', 'update' ]
2 info using npm@1.4.28
3 info using node@v0.10.36
4 verbose node symlink /usr/bin/node
5 verbose request where is /colors
6 verbose request registry https://registry.npmjs.org/
7 verbose request id 359b8593caddbea0
8 verbose url raw /colors
9 verbose url resolving [ 'https://registry.npmjs.org/', './colors' ]
10 verbose url resolved https://registry.npmjs.org/colors
11 verbose request where is https://registry.npmjs.org/colors
12 info trying registry request attempt 1 at 03:28:23
13 verbose etag "QXWB59LLFD165M3B7R1B5GN1"
14 http GET https://registry.npmjs.org/colors
15 verbose request where is /mkdirp
16 verbose request registry https://registry.npmjs.org/
17 verbose url raw /mkdirp
18 verbose url resolving [ 'https://registry.npmjs.org/', './mkdirp' ]
19 verbose url resolved https://registry.npmjs.org/mkdirp
20 verbose request where is https://registry.npmjs.org/mkdirp
21 info trying registry request attempt 1 at 03:28:23
22 verbose etag "2O32QG3WVFCBJ727A19HAE6FJ"
23 http GET https://registry.npmjs.org/mkdirp
24 verbose request where is /slot-framework
25 verbose request registry https://registry.npmjs.org/
26 verbose url raw /slot-framework
27 verbose url resolving [ 'https://registry.npmjs.org/', './slot-framework' ]
28 verbose url resolved https://registry.npmjs.org/slot-framework
29 verbose request where is https://registry.npmjs.org/slot-framework
30 info trying registry request attempt 1 at 03:28:23
31 verbose etag "2D0D2KH5E1B8CGGQUGXPL6RW1"
32 http GET https://registry.npmjs.org/slot-framework
33 verbose request where is /sort-object
34 verbose request registry https://registry.npmjs.org/
35 verbose url raw /sort-object
36 verbose url resolving [ 'https://registry.npmjs.org/', './sort-object' ]
37 verbose url resolved https://registry.npmjs.org/sort-object
38 verbose request where is https://registry.npmjs.org/sort-object
39 info trying registry request attempt 1 at 03:28:23
40 verbose etag "COG3NUGPB234JAB7D04S1SWBT"
41 http GET https://registry.npmjs.org/sort-object
42 verbose request where is /commander
43 verbose request registry https://registry.npmjs.org/
44 verbose url raw /commander
45 verbose url resolving [ 'https://registry.npmjs.org/', './commander' ]
46 verbose url resolved https://registry.npmjs.org/commander
47 verbose request where is https://registry.npmjs.org/commander
48 info trying registry request attempt 1 at 03:28:23
49 verbose etag "BJCKFQD85QWCBY7VRN01XEWWJ"
50 http GET https://registry.npmjs.org/commander
51 verbose request where is /string
52 verbose request registry https://registry.npmjs.org/
53 verbose url raw /string
54 verbose url resolving [ 'https://registry.npmjs.org/', './string' ]
55 verbose url resolved https://registry.npmjs.org/string
56 verbose request where is https://registry.npmjs.org/string
57 info trying registry request attempt 1 at 03:28:23
58 verbose etag "EEJTGFIOVAGYF1PZGRQXNIU89"
59 http GET https://registry.npmjs.org/string
60 http 304 https://registry.npmjs.org/mkdirp
61 silly registry.get cb [ 304,
61 silly registry.get   { date: 'Sun, 08 Feb 2015 10:28:23 GMT',
61 silly registry.get     server: 'Apache',
61 silly registry.get     via: '1.1 varnish',
61 silly registry.get     'last-modified': 'Sun, 08 Feb 2015 10:28:23 GMT',
61 silly registry.get     'cache-control': 'max-age=60',
61 silly registry.get     etag: '"2O32QG3WVFCBJ727A19HAE6FJ"',
61 silly registry.get     age: '4',
61 silly registry.get     'x-served-by': 'cache-sjc3124-SJC',
61 silly registry.get     'x-cache': 'HIT',
61 silly registry.get     'x-cache-hits': '1',
61 silly registry.get     'x-timer': 'S1423391303.338256,VS0,VE0',
61 silly registry.get     vary: 'Accept',
61 silly registry.get     'content-length': '0',
61 silly registry.get     'keep-alive': 'timeout=10, max=50',
61 silly registry.get     connection: 'Keep-Alive' } ]
62 verbose etag https://registry.npmjs.org/mkdirp from cache
63 http 304 https://registry.npmjs.org/colors
64 silly registry.get cb [ 304,
64 silly registry.get   { date: 'Sun, 08 Feb 2015 10:28:23 GMT',
64 silly registry.get     server: 'Apache',
64 silly registry.get     via: '1.1 varnish',
64 silly registry.get     'last-modified': 'Sun, 08 Feb 2015 10:28:23 GMT',
64 silly registry.get     'cache-control': 'max-age=60',
64 silly registry.get     etag: '"QXWB59LLFD165M3B7R1B5GN1"',
64 silly registry.get     age: '2',
64 silly registry.get     'x-served-by': 'cache-sjc3132-SJC',
64 silly registry.get     'x-cache': 'HIT',
64 silly registry.get     'x-cache-hits': '1',
64 silly registry.get     'x-timer': 'S1423391303.360419,VS0,VE0',
64 silly registry.get     vary: 'Accept',
64 silly registry.get     'content-length': '0',
64 silly registry.get     'keep-alive': 'timeout=10, max=50',
64 silly registry.get     connection: 'Keep-Alive' } ]
65 verbose etag https://registry.npmjs.org/colors from cache
66 http 304 https://registry.npmjs.org/slot-framework
67 silly registry.get cb [ 304,
67 silly registry.get   { date: 'Sun, 08 Feb 2015 10:28:23 GMT',
67 silly registry.get     server: 'Apache',
67 silly registry.get     via: '1.1 varnish',
67 silly registry.get     'last-modified': 'Sun, 08 Feb 2015 10:28:23 GMT',
67 silly registry.get     'cache-control': 'max-age=60',
67 silly registry.get     etag: '"2D0D2KH5E1B8CGGQUGXPL6RW1"',
67 silly registry.get     age: '0',
67 silly registry.get     'x-served-by': 'cache-lax1428-LAX',
67 silly registry.get     'x-cache': 'MISS',
67 silly registry.get     'x-cache-hits': '0',
67 silly registry.get     'x-timer': 'S1423391303.336946,VS0,VE42',
67 silly registry.get     vary: 'Accept',
67 silly registry.get     'content-length': '0',
67 silly registry.get     'keep-alive': 'timeout=10, max=50',
67 silly registry.get     connection: 'Keep-Alive' } ]
68 verbose etag https://registry.npmjs.org/slot-framework from cache
69 verbose cache add [ 'slot-framework', '>= 0.0.15' ]
70 verbose cache add name="slot-framework" spec=">= 0.0.15" args=["slot-framework",">= 0.0.15"]
71 verbose parsed url { protocol: null,
71 verbose parsed url   slashes: null,
71 verbose parsed url   auth: null,
71 verbose parsed url   host: null,
71 verbose parsed url   port: null,
71 verbose parsed url   hostname: null,
71 verbose parsed url   hash: null,
71 verbose parsed url   search: null,
71 verbose parsed url   query: null,
71 verbose parsed url   pathname: '%3E=%200.0.15',
71 verbose parsed url   path: '%3E=%200.0.15',
71 verbose parsed url   href: '%3E=%200.0.15' }
72 verbose addNamed [ 'slot-framework', '>= 0.0.15' ]
73 verbose addNamed [ null, '>=0.0.15' ]
74 silly lockFile 46425524-slot-framework-0-0-15 slot-framework@>= 0.0.15
75 verbose lock slot-framework@>= 0.0.15 /home/cecheverria/.npm/46425524-slot-framework-0-0-15.lock
76 silly addNameRange { name: 'slot-framework', range: '>=0.0.15', hasData: false }
77 verbose registry.get https://registry.npmjs.org/slot-framework not expired, no request
78 silly addNameRange number 2 { name: 'slot-framework', range: '>=0.0.15', hasData: true }
79 silly addNameRange versions [ 'slot-framework',
79 silly addNameRange   [ '0.0.1',
79 silly addNameRange     '0.0.2',
79 silly addNameRange     '0.0.3',
79 silly addNameRange     '0.0.6',
79 silly addNameRange     '0.0.7',
79 silly addNameRange     '0.0.8',
79 silly addNameRange     '0.0.9',
79 silly addNameRange     '0.0.10',
79 silly addNameRange     '0.0.11',
79 silly addNameRange     '0.0.12',
79 silly addNameRange     '0.0.14',
79 silly addNameRange     '0.0.15-alpha.0',
79 silly addNameRange     '0.0.15-alpha.1' ] ]
80 silly lockFile 46425524-slot-framework-0-0-15 slot-framework@>= 0.0.15
81 silly lockFile 46425524-slot-framework-0-0-15 slot-framework@>= 0.0.15
82 http 304 https://registry.npmjs.org/commander
83 silly registry.get cb [ 304,
83 silly registry.get   { date: 'Sun, 08 Feb 2015 10:28:23 GMT',
83 silly registry.get     server: 'Apache',
83 silly registry.get     via: '1.1 varnish',
83 silly registry.get     'last-modified': 'Sun, 08 Feb 2015 10:27:55 GMT',
83 silly registry.get     'cache-control': 'max-age=60',
83 silly registry.get     etag: '"BJCKFQD85QWCBY7VRN01XEWWJ"',
83 silly registry.get     age: '53',
83 silly registry.get     'x-served-by': 'cache-sjc3131-SJC',
83 silly registry.get     'x-cache': 'HIT',
83 silly registry.get     'x-cache-hits': '2',
83 silly registry.get     'x-timer': 'S1423391303.377371,VS0,VE0',
83 silly registry.get     vary: 'Accept',
83 silly registry.get     'content-length': '0',
83 silly registry.get     'keep-alive': 'timeout=10, max=50',
83 silly registry.get     connection: 'Keep-Alive' } ]
84 verbose etag https://registry.npmjs.org/commander from cache
85 http 304 https://registry.npmjs.org/sort-object
86 silly registry.get cb [ 304,
86 silly registry.get   { date: 'Sun, 08 Feb 2015 10:28:23 GMT',
86 silly registry.get     server: 'Apache',
86 silly registry.get     via: '1.1 varnish',
86 silly registry.get     'last-modified': 'Sun, 08 Feb 2015 10:28:23 GMT',
86 silly registry.get     'cache-control': 'max-age=60',
86 silly registry.get     etag: '"COG3NUGPB234JAB7D04S1SWBT"',
86 silly registry.get     age: '0',
86 silly registry.get     'x-served-by': 'cache-lax1427-LAX',
86 silly registry.get     'x-cache': 'MISS',
86 silly registry.get     'x-cache-hits': '0',
86 silly registry.get     'x-timer': 'S1423391303.327063,VS0,VE179',
86 silly registry.get     vary: 'Accept',
86 silly registry.get     'content-length': '0',
86 silly registry.get     'keep-alive': 'timeout=10, max=50',
86 silly registry.get     connection: 'Keep-Alive' } ]
87 verbose etag https://registry.npmjs.org/sort-object from cache
88 http 304 https://registry.npmjs.org/string
89 silly registry.get cb [ 304,
89 silly registry.get   { date: 'Sun, 08 Feb 2015 10:28:23 GMT',
89 silly registry.get     server: 'Apache',
89 silly registry.get     via: '1.1 varnish',
89 silly registry.get     'last-modified': 'Sun, 08 Feb 2015 10:28:23 GMT',
89 silly registry.get     'cache-control': 'max-age=60',
89 silly registry.get     etag: '"EEJTGFIOVAGYF1PZGRQXNIU89"',
89 silly registry.get     age: '0',
89 silly registry.get     'x-served-by': 'cache-sjc3124-SJC',
89 silly registry.get     'x-cache': 'MISS',
89 silly registry.get     'x-cache-hits': '0',
89 silly registry.get     'x-timer': 'S1423391303.374197,VS0,VE355',
89 silly registry.get     vary: 'Accept',
89 silly registry.get     'content-length': '0',
89 silly registry.get     'keep-alive': 'timeout=10, max=49',
89 silly registry.get     connection: 'Keep-Alive' } ]
90 verbose etag https://registry.npmjs.org/string from cache
91 info outdated updating [ [ '/home/cecheverria/c/datadrive/workspaces/Webstorm/gCloud/slot-cli',
91 info outdated     'mkdirp',
91 info outdated     '0.3.5',
91 info outdated     '0.3.5',
91 info outdated     '0.5.0',
91 info outdated     '0.3.5' ],
91 info outdated   [ '/home/cecheverria/c/datadrive/workspaces/Webstorm/gCloud/slot-cli',
91 info outdated     'colors',
91 info outdated     '0.6.2',
91 info outdated     '0.6.2',
91 info outdated     '1.0.3',
91 info outdated     '^0.6.2' ],
91 info outdated   [ '/home/cecheverria/c/datadrive/workspaces/Webstorm/gCloud/slot-cli',
91 info outdated     'sort-object',
91 info outdated     '0.3.2',
91 info outdated     '0.3.2',
91 info outdated     '1.0.0',
91 info outdated     '^0.3.2' ],
91 info outdated   [ '/home/cecheverria/c/datadrive/workspaces/Webstorm/gCloud/slot-cli',
91 info outdated     'string',
91 info outdated     '2.2.0',
91 info outdated     '2.2.0',
91 info outdated     '3.0.0',
91 info outdated     '^2.0.0' ] ]
92 error notarget No compatible version found: slot-framework@'>=0.0.15'
92 error notarget Valid install targets:
92 error notarget ["0.0.1","0.0.2","0.0.3","0.0.6","0.0.7","0.0.8","0.0.9","0.0.10","0.0.11","0.0.12","0.0.14","0.0.15-alpha.0","0.0.15-alpha.1"]
92 error notarget
92 error notarget This is most likely not a problem with npm itself.
92 error notarget In most cases you or one of your dependencies are requesting
92 error notarget a package version that doesn't exist.
93 error System Linux 3.2.0-76-generic
94 error command "/usr/bin/node" "/usr/bin/npm" "update"
95 error cwd /home/cecheverria/c/datadrive/workspaces/Webstorm/gCloud/slot-cli
96 error node -v v0.10.36
97 error npm -v 1.4.28
98 error code ETARGET
99 verbose exit [ 1, true ]
